In file included from [01m[K/usr/include/pcl-1.8/pcl/visualization/impl/pcl_visualizer.hpp:48:0[m[K,
                 from [01m[K/usr/include/pcl-1.8/pcl/visualization/pcl_visualizer.h:2262[m[K,
                 from [01m[K/usr/include/pcl-1.8/pcl/visualization/cloud_viewer.h:39[m[K,
                 from [01m[K/home/vini/P6/src/iai_kinect2/kinect2_viewer/src/viewer.cpp:32[m[K:
[01m[K/usr/include/vtk-6.3/vtkMath.h:664:3:[m[K [01;35m[Kwarning: [m[Kmulti-line comment [[01;35m[K-Wcomment[m[K]
   [01;35m[K/[m[K/ a & b \\
   [01;35m[K^[m[K
[01m[K/usr/include/vtk-6.3/vtkMath.h:668:3:[m[K [01;35m[Kwarning: [m[Kmulti-line comment [[01;35m[K-Wcomment[m[K]
   [01;35m[K/[m[K/ 1 & 0 \\
   [01;35m[K^[m[K
[01m[K/usr/include/vtk-6.3/vtkMath.h:671:3:[m[K [01;35m[Kwarning: [m[Kmulti-line comment [[01;35m[K-Wcomment[m[K]
   [01;35m[K/[m[K/ a & b \\
   [01;35m[K^[m[K
In file included from [01m[K/home/vini/P6/src/iai_kinect2/kinect2_viewer/src/viewer.cpp:32:0[m[K:
[01m[K/usr/include/pcl-1.8/pcl/visualization/cloud_viewer.h:202:14:[m[K [01;35m[Kwarning: [m[K‘[01m[Ktemplate<class> class std::auto_ptr[m[K’ is deprecated [[01;35m[K-Wdeprecated-declarations[m[K]
         std::[01;35m[Kauto_ptr[m[K<CloudViewer_impl> impl_;
              [01;35m[K^~~~~~~~[m[K
In file included from [01m[K/usr/include/c++/7/memory:80:0[m[K,
                 from [01m[K/usr/include/c++/7/thread:39[m[K,
                 from [01m[K/home/vini/P6/src/iai_kinect2/kinect2_viewer/src/viewer.cpp:26[m[K:
[01m[K/usr/include/c++/7/bits/unique_ptr.h:51:28:[m[K [01;36m[Knote: [m[Kdeclared here
   template<typename> class [01;36m[Kauto_ptr[m[K;
                            [01;36m[K^~~~~~~~[m[K
