Symlinking /home/vini/P6/devel/lib/python2.7/dist-packages/ur_dashboard_msgs/__init__.py
Symlinking /home/vini/P6/devel/lib/python2.7/dist-packages/ur_dashboard_msgs/msg/__init__.py
Symlinking /home/vini/P6/devel/lib/python2.7/dist-packages/ur_dashboard_msgs/msg/_RobotMode.py
Symlinking /home/vini/P6/devel/lib/python2.7/dist-packages/ur_dashboard_msgs/msg/_SetModeGoal.py
Symlinking /home/vini/P6/devel/lib/python2.7/dist-packages/ur_dashboard_msgs/msg/_SetModeActionGoal.py
Symlinking /home/vini/P6/devel/lib/python2.7/dist-packages/ur_dashboard_msgs/msg/_SetModeActionFeedback.py
Symlinking /home/vini/P6/devel/lib/python2.7/dist-packages/ur_dashboard_msgs/msg/_SetModeFeedback.py
Symlinking /home/vini/P6/devel/lib/python2.7/dist-packages/ur_dashboard_msgs/msg/_SetModeActionResult.py
Symlinking /home/vini/P6/devel/lib/python2.7/dist-packages/ur_dashboard_msgs/msg/_ProgramState.py
Symlinking /home/vini/P6/devel/lib/python2.7/dist-packages/ur_dashboard_msgs/msg/_SafetyMode.py
Symlinking /home/vini/P6/devel/lib/python2.7/dist-packages/ur_dashboard_msgs/msg/_SetModeResult.py
Symlinking /home/vini/P6/devel/lib/python2.7/dist-packages/ur_dashboard_msgs/msg/_SetModeAction.py
Symlinking /home/vini/P6/devel/lib/python2.7/dist-packages/ur_dashboard_msgs/srv/__init__.py
Symlinking /home/vini/P6/devel/lib/python2.7/dist-packages/ur_dashboard_msgs/srv/_IsProgramSaved.py
Symlinking /home/vini/P6/devel/lib/python2.7/dist-packages/ur_dashboard_msgs/srv/_GetRobotMode.py
Symlinking /home/vini/P6/devel/lib/python2.7/dist-packages/ur_dashboard_msgs/srv/_AddToLog.py
Symlinking /home/vini/P6/devel/lib/python2.7/dist-packages/ur_dashboard_msgs/srv/_GetLoadedProgram.py
Symlinking /home/vini/P6/devel/lib/python2.7/dist-packages/ur_dashboard_msgs/srv/_IsProgramRunning.py
Symlinking /home/vini/P6/devel/lib/python2.7/dist-packages/ur_dashboard_msgs/srv/_GetProgramState.py
Symlinking /home/vini/P6/devel/lib/python2.7/dist-packages/ur_dashboard_msgs/srv/_Load.py
Symlinking /home/vini/P6/devel/lib/python2.7/dist-packages/ur_dashboard_msgs/srv/_Popup.py
Symlinking /home/vini/P6/devel/lib/python2.7/dist-packages/ur_dashboard_msgs/srv/_GetSafetyMode.py
Symlinking /home/vini/P6/devel/lib/python2.7/dist-packages/ur_dashboard_msgs/srv/_RawRequest.py
Symlinking /home/vini/P6/devel/lib/pkgconfig/ur_dashboard_msgs.pc
Symlinking /home/vini/P6/devel/include/ur_dashboard_msgs/RobotMode.h
Symlinking /home/vini/P6/devel/include/ur_dashboard_msgs/Load.h
Symlinking /home/vini/P6/devel/include/ur_dashboard_msgs/SetModeResult.h
Symlinking /home/vini/P6/devel/include/ur_dashboard_msgs/SetModeGoal.h
Symlinking /home/vini/P6/devel/include/ur_dashboard_msgs/GetSafetyMode.h
Symlinking /home/vini/P6/devel/include/ur_dashboard_msgs/PopupRequest.h
Symlinking /home/vini/P6/devel/include/ur_dashboard_msgs/IsProgramSaved.h
Symlinking /home/vini/P6/devel/include/ur_dashboard_msgs/PopupResponse.h
Symlinking /home/vini/P6/devel/include/ur_dashboard_msgs/SetModeAction.h
Symlinking /home/vini/P6/devel/include/ur_dashboard_msgs/SetModeActionGoal.h
Symlinking /home/vini/P6/devel/include/ur_dashboard_msgs/RawRequestResponse.h
Symlinking /home/vini/P6/devel/include/ur_dashboard_msgs/AddToLogResponse.h
Symlinking /home/vini/P6/devel/include/ur_dashboard_msgs/IsProgramRunningResponse.h
Symlinking /home/vini/P6/devel/include/ur_dashboard_msgs/GetRobotMode.h
Symlinking /home/vini/P6/devel/include/ur_dashboard_msgs/GetProgramStateRequest.h
Symlinking /home/vini/P6/devel/include/ur_dashboard_msgs/GetLoadedProgramResponse.h
Symlinking /home/vini/P6/devel/include/ur_dashboard_msgs/GetLoadedProgram.h
Symlinking /home/vini/P6/devel/include/ur_dashboard_msgs/GetSafetyModeRequest.h
Symlinking /home/vini/P6/devel/include/ur_dashboard_msgs/GetSafetyModeResponse.h
Symlinking /home/vini/P6/devel/include/ur_dashboard_msgs/AddToLog.h
Symlinking /home/vini/P6/devel/include/ur_dashboard_msgs/Popup.h
Symlinking /home/vini/P6/devel/include/ur_dashboard_msgs/LoadResponse.h
Symlinking /home/vini/P6/devel/include/ur_dashboard_msgs/IsProgramRunningRequest.h
Symlinking /home/vini/P6/devel/include/ur_dashboard_msgs/RawRequestRequest.h
Symlinking /home/vini/P6/devel/include/ur_dashboard_msgs/ProgramState.h
Symlinking /home/vini/P6/devel/include/ur_dashboard_msgs/SetModeActionFeedback.h
Symlinking /home/vini/P6/devel/include/ur_dashboard_msgs/AddToLogRequest.h
Symlinking /home/vini/P6/devel/include/ur_dashboard_msgs/SetModeFeedback.h
Symlinking /home/vini/P6/devel/include/ur_dashboard_msgs/GetProgramStateResponse.h
Symlinking /home/vini/P6/devel/include/ur_dashboard_msgs/GetRobotModeResponse.h
Symlinking /home/vini/P6/devel/include/ur_dashboard_msgs/SetModeActionResult.h
Symlinking /home/vini/P6/devel/include/ur_dashboard_msgs/IsProgramRunning.h
Symlinking /home/vini/P6/devel/include/ur_dashboard_msgs/RawRequest.h
Symlinking /home/vini/P6/devel/include/ur_dashboard_msgs/GetLoadedProgramRequest.h
Symlinking /home/vini/P6/devel/include/ur_dashboard_msgs/GetProgramState.h
Symlinking /home/vini/P6/devel/include/ur_dashboard_msgs/IsProgramSavedRequest.h
Symlinking /home/vini/P6/devel/include/ur_dashboard_msgs/GetRobotModeRequest.h
Symlinking /home/vini/P6/devel/include/ur_dashboard_msgs/LoadRequest.h
Symlinking /home/vini/P6/devel/include/ur_dashboard_msgs/SafetyMode.h
Symlinking /home/vini/P6/devel/include/ur_dashboard_msgs/IsProgramSavedResponse.h
Symlinking /home/vini/P6/devel/share/common-lisp/ros/ur_dashboard_msgs/msg/_package_RobotMode.lisp
Symlinking /home/vini/P6/devel/share/common-lisp/ros/ur_dashboard_msgs/msg/_package_SetModeFeedback.lisp
Symlinking /home/vini/P6/devel/share/common-lisp/ros/ur_dashboard_msgs/msg/_package.lisp
Symlinking /home/vini/P6/devel/share/common-lisp/ros/ur_dashboard_msgs/msg/_package_SetModeGoal.lisp
Symlinking /home/vini/P6/devel/share/common-lisp/ros/ur_dashboard_msgs/msg/ur_dashboard_msgs-msg.asd
Symlinking /home/vini/P6/devel/share/common-lisp/ros/ur_dashboard_msgs/msg/SetModeActionResult.lisp
Symlinking /home/vini/P6/devel/share/common-lisp/ros/ur_dashboard_msgs/msg/_package_SetModeAction.lisp
Symlinking /home/vini/P6/devel/share/common-lisp/ros/ur_dashboard_msgs/msg/SetModeActionFeedback.lisp
Symlinking /home/vini/P6/devel/share/common-lisp/ros/ur_dashboard_msgs/msg/SetModeAction.lisp
Symlinking /home/vini/P6/devel/share/common-lisp/ros/ur_dashboard_msgs/msg/_package_SafetyMode.lisp
Symlinking /home/vini/P6/devel/share/common-lisp/ros/ur_dashboard_msgs/msg/_package_SetModeActionGoal.lisp
Symlinking /home/vini/P6/devel/share/common-lisp/ros/ur_dashboard_msgs/msg/ProgramState.lisp
Symlinking /home/vini/P6/devel/share/common-lisp/ros/ur_dashboard_msgs/msg/RobotMode.lisp
Symlinking /home/vini/P6/devel/share/common-lisp/ros/ur_dashboard_msgs/msg/SetModeActionGoal.lisp
Symlinking /home/vini/P6/devel/share/common-lisp/ros/ur_dashboard_msgs/msg/SetModeGoal.lisp
Symlinking /home/vini/P6/devel/share/common-lisp/ros/ur_dashboard_msgs/msg/SetModeFeedback.lisp
Symlinking /home/vini/P6/devel/share/common-lisp/ros/ur_dashboard_msgs/msg/_package_SetModeActionFeedback.lisp
Symlinking /home/vini/P6/devel/share/common-lisp/ros/ur_dashboard_msgs/msg/SafetyMode.lisp
Symlinking /home/vini/P6/devel/share/common-lisp/ros/ur_dashboard_msgs/msg/SetModeResult.lisp
Symlinking /home/vini/P6/devel/share/common-lisp/ros/ur_dashboard_msgs/msg/_package_SetModeActionResult.lisp
Symlinking /home/vini/P6/devel/share/common-lisp/ros/ur_dashboard_msgs/msg/_package_ProgramState.lisp
Symlinking /home/vini/P6/devel/share/common-lisp/ros/ur_dashboard_msgs/msg/_package_SetModeResult.lisp
Symlinking /home/vini/P6/devel/share/common-lisp/ros/ur_dashboard_msgs/srv/_package_GetProgramState.lisp
Symlinking /home/vini/P6/devel/share/common-lisp/ros/ur_dashboard_msgs/srv/_package_Load.lisp
Symlinking /home/vini/P6/devel/share/common-lisp/ros/ur_dashboard_msgs/srv/_package.lisp
Symlinking /home/vini/P6/devel/share/common-lisp/ros/ur_dashboard_msgs/srv/RawRequest.lisp
Symlinking /home/vini/P6/devel/share/common-lisp/ros/ur_dashboard_msgs/srv/GetSafetyMode.lisp
Symlinking /home/vini/P6/devel/share/common-lisp/ros/ur_dashboard_msgs/srv/_package_RawRequest.lisp
Symlinking /home/vini/P6/devel/share/common-lisp/ros/ur_dashboard_msgs/srv/_package_AddToLog.lisp
Symlinking /home/vini/P6/devel/share/common-lisp/ros/ur_dashboard_msgs/srv/_package_IsProgramSaved.lisp
Symlinking /home/vini/P6/devel/share/common-lisp/ros/ur_dashboard_msgs/srv/_package_IsProgramRunning.lisp
Symlinking /home/vini/P6/devel/share/common-lisp/ros/ur_dashboard_msgs/srv/AddToLog.lisp
Symlinking /home/vini/P6/devel/share/common-lisp/ros/ur_dashboard_msgs/srv/IsProgramRunning.lisp
Symlinking /home/vini/P6/devel/share/common-lisp/ros/ur_dashboard_msgs/srv/GetRobotMode.lisp
Symlinking /home/vini/P6/devel/share/common-lisp/ros/ur_dashboard_msgs/srv/GetLoadedProgram.lisp
Symlinking /home/vini/P6/devel/share/common-lisp/ros/ur_dashboard_msgs/srv/GetProgramState.lisp
Symlinking /home/vini/P6/devel/share/common-lisp/ros/ur_dashboard_msgs/srv/IsProgramSaved.lisp
Symlinking /home/vini/P6/devel/share/common-lisp/ros/ur_dashboard_msgs/srv/Load.lisp
Symlinking /home/vini/P6/devel/share/common-lisp/ros/ur_dashboard_msgs/srv/ur_dashboard_msgs-srv.asd
Symlinking /home/vini/P6/devel/share/common-lisp/ros/ur_dashboard_msgs/srv/Popup.lisp
Symlinking /home/vini/P6/devel/share/common-lisp/ros/ur_dashboard_msgs/srv/_package_GetRobotMode.lisp
Symlinking /home/vini/P6/devel/share/common-lisp/ros/ur_dashboard_msgs/srv/_package_GetLoadedProgram.lisp
Symlinking /home/vini/P6/devel/share/common-lisp/ros/ur_dashboard_msgs/srv/_package_GetSafetyMode.lisp
Symlinking /home/vini/P6/devel/share/common-lisp/ros/ur_dashboard_msgs/srv/_package_Popup.lisp
Symlinking /home/vini/P6/devel/share/roseus/ros/ur_dashboard_msgs/manifest.l
Symlinking /home/vini/P6/devel/share/roseus/ros/ur_dashboard_msgs/msg/SetModeResult.l
Symlinking /home/vini/P6/devel/share/roseus/ros/ur_dashboard_msgs/msg/SetModeAction.l
Symlinking /home/vini/P6/devel/share/roseus/ros/ur_dashboard_msgs/msg/SetModeActionFeedback.l
Symlinking /home/vini/P6/devel/share/roseus/ros/ur_dashboard_msgs/msg/ProgramState.l
Symlinking /home/vini/P6/devel/share/roseus/ros/ur_dashboard_msgs/msg/SafetyMode.l
Symlinking /home/vini/P6/devel/share/roseus/ros/ur_dashboard_msgs/msg/SetModeGoal.l
Symlinking /home/vini/P6/devel/share/roseus/ros/ur_dashboard_msgs/msg/SetModeActionResult.l
Symlinking /home/vini/P6/devel/share/roseus/ros/ur_dashboard_msgs/msg/SetModeFeedback.l
Symlinking /home/vini/P6/devel/share/roseus/ros/ur_dashboard_msgs/msg/RobotMode.l
Symlinking /home/vini/P6/devel/share/roseus/ros/ur_dashboard_msgs/msg/SetModeActionGoal.l
Symlinking /home/vini/P6/devel/share/roseus/ros/ur_dashboard_msgs/srv/GetRobotMode.l
Symlinking /home/vini/P6/devel/share/roseus/ros/ur_dashboard_msgs/srv/GetLoadedProgram.l
Symlinking /home/vini/P6/devel/share/roseus/ros/ur_dashboard_msgs/srv/RawRequest.l
Symlinking /home/vini/P6/devel/share/roseus/ros/ur_dashboard_msgs/srv/IsProgramRunning.l
Symlinking /home/vini/P6/devel/share/roseus/ros/ur_dashboard_msgs/srv/Load.l
Symlinking /home/vini/P6/devel/share/roseus/ros/ur_dashboard_msgs/srv/GetSafetyMode.l
Symlinking /home/vini/P6/devel/share/roseus/ros/ur_dashboard_msgs/srv/AddToLog.l
Symlinking /home/vini/P6/devel/share/roseus/ros/ur_dashboard_msgs/srv/IsProgramSaved.l
Symlinking /home/vini/P6/devel/share/roseus/ros/ur_dashboard_msgs/srv/GetProgramState.l
Symlinking /home/vini/P6/devel/share/roseus/ros/ur_dashboard_msgs/srv/Popup.l
Symlinking /home/vini/P6/devel/share/gennodejs/ros/ur_dashboard_msgs/_index.js
Symlinking /home/vini/P6/devel/share/gennodejs/ros/ur_dashboard_msgs/msg/SafetyMode.js
Symlinking /home/vini/P6/devel/share/gennodejs/ros/ur_dashboard_msgs/msg/SetModeAction.js
Symlinking /home/vini/P6/devel/share/gennodejs/ros/ur_dashboard_msgs/msg/SetModeFeedback.js
Symlinking /home/vini/P6/devel/share/gennodejs/ros/ur_dashboard_msgs/msg/SetModeActionGoal.js
Symlinking /home/vini/P6/devel/share/gennodejs/ros/ur_dashboard_msgs/msg/_index.js
Symlinking /home/vini/P6/devel/share/gennodejs/ros/ur_dashboard_msgs/msg/SetModeGoal.js
Symlinking /home/vini/P6/devel/share/gennodejs/ros/ur_dashboard_msgs/msg/SetModeResult.js
Symlinking /home/vini/P6/devel/share/gennodejs/ros/ur_dashboard_msgs/msg/SetModeActionFeedback.js
Symlinking /home/vini/P6/devel/share/gennodejs/ros/ur_dashboard_msgs/msg/SetModeActionResult.js
Symlinking /home/vini/P6/devel/share/gennodejs/ros/ur_dashboard_msgs/msg/ProgramState.js
Symlinking /home/vini/P6/devel/share/gennodejs/ros/ur_dashboard_msgs/msg/RobotMode.js
Symlinking /home/vini/P6/devel/share/gennodejs/ros/ur_dashboard_msgs/srv/GetRobotMode.js
Symlinking /home/vini/P6/devel/share/gennodejs/ros/ur_dashboard_msgs/srv/IsProgramRunning.js
Symlinking /home/vini/P6/devel/share/gennodejs/ros/ur_dashboard_msgs/srv/RawRequest.js
Symlinking /home/vini/P6/devel/share/gennodejs/ros/ur_dashboard_msgs/srv/Popup.js
Symlinking /home/vini/P6/devel/share/gennodejs/ros/ur_dashboard_msgs/srv/AddToLog.js
Symlinking /home/vini/P6/devel/share/gennodejs/ros/ur_dashboard_msgs/srv/IsProgramSaved.js
Symlinking /home/vini/P6/devel/share/gennodejs/ros/ur_dashboard_msgs/srv/Load.js
Symlinking /home/vini/P6/devel/share/gennodejs/ros/ur_dashboard_msgs/srv/_index.js
Symlinking /home/vini/P6/devel/share/gennodejs/ros/ur_dashboard_msgs/srv/GetLoadedProgram.js
Symlinking /home/vini/P6/devel/share/gennodejs/ros/ur_dashboard_msgs/srv/GetProgramState.js
Symlinking /home/vini/P6/devel/share/gennodejs/ros/ur_dashboard_msgs/srv/GetSafetyMode.js
Symlinking /home/vini/P6/devel/share/ur_dashboard_msgs/msg/SetModeActionFeedback.msg
Symlinking /home/vini/P6/devel/share/ur_dashboard_msgs/msg/SetModeActionResult.msg
Symlinking /home/vini/P6/devel/share/ur_dashboard_msgs/msg/SetModeActionGoal.msg
Symlinking /home/vini/P6/devel/share/ur_dashboard_msgs/msg/SetModeResult.msg
Symlinking /home/vini/P6/devel/share/ur_dashboard_msgs/msg/SetModeFeedback.msg
Symlinking /home/vini/P6/devel/share/ur_dashboard_msgs/msg/SetModeGoal.msg
Symlinking /home/vini/P6/devel/share/ur_dashboard_msgs/msg/SetModeAction.msg
Symlinking /home/vini/P6/devel/share/ur_dashboard_msgs/cmake/ur_dashboard_msgsConfig-version.cmake
Symlinking /home/vini/P6/devel/share/ur_dashboard_msgs/cmake/ur_dashboard_msgs-msg-extras.cmake
Symlinking /home/vini/P6/devel/share/ur_dashboard_msgs/cmake/ur_dashboard_msgsConfig.cmake
Symlinking /home/vini/P6/devel/share/ur_dashboard_msgs/cmake/ur_dashboard_msgs-msg-paths.cmake
