Linked: (/home/vini/P6/devel/.private/bin_packing/lib/python2.7/dist-packages/bin_packing/__init__.py, /home/vini/P6/devel/lib/python2.7/dist-packages/bin_packing/__init__.py)
Linked: (/home/vini/P6/devel/.private/bin_packing/lib/python2.7/dist-packages/bin_packing/msg/__init__.py, /home/vini/P6/devel/lib/python2.7/dist-packages/bin_packing/msg/__init__.py)
Linked: (/home/vini/P6/devel/.private/bin_packing/lib/python2.7/dist-packages/bin_packing/msg/_Workspace.py, /home/vini/P6/devel/lib/python2.7/dist-packages/bin_packing/msg/_Workspace.py)
Linked: (/home/vini/P6/devel/.private/bin_packing/lib/python2.7/dist-packages/bin_packing/msg/_Height_Map_Row.py, /home/vini/P6/devel/lib/python2.7/dist-packages/bin_packing/msg/_Height_Map_Row.py)
Linked: (/home/vini/P6/devel/.private/bin_packing/lib/python2.7/dist-packages/bin_packing/msg/_Packing_info.py, /home/vini/P6/devel/lib/python2.7/dist-packages/bin_packing/msg/_Packing_info.py)
Linked: (/home/vini/P6/devel/.private/bin_packing/lib/pkgconfig/bin_packing.pc, /home/vini/P6/devel/lib/pkgconfig/bin_packing.pc)
Linked: (/home/vini/P6/devel/.private/bin_packing/include/bin_packing/Workspace.h, /home/vini/P6/devel/include/bin_packing/Workspace.h)
Linked: (/home/vini/P6/devel/.private/bin_packing/include/bin_packing/Packing_info.h, /home/vini/P6/devel/include/bin_packing/Packing_info.h)
Linked: (/home/vini/P6/devel/.private/bin_packing/include/bin_packing/Height_Map_Row.h, /home/vini/P6/devel/include/bin_packing/Height_Map_Row.h)
Linked: (/home/vini/P6/devel/.private/bin_packing/share/common-lisp/ros/bin_packing/msg/Height_Map_Row.lisp, /home/vini/P6/devel/share/common-lisp/ros/bin_packing/msg/Height_Map_Row.lisp)
Linked: (/home/vini/P6/devel/.private/bin_packing/share/common-lisp/ros/bin_packing/msg/_package.lisp, /home/vini/P6/devel/share/common-lisp/ros/bin_packing/msg/_package.lisp)
Linked: (/home/vini/P6/devel/.private/bin_packing/share/common-lisp/ros/bin_packing/msg/_package_Height_Map_Row.lisp, /home/vini/P6/devel/share/common-lisp/ros/bin_packing/msg/_package_Height_Map_Row.lisp)
Linked: (/home/vini/P6/devel/.private/bin_packing/share/common-lisp/ros/bin_packing/msg/_package_Packing_info.lisp, /home/vini/P6/devel/share/common-lisp/ros/bin_packing/msg/_package_Packing_info.lisp)
Linked: (/home/vini/P6/devel/.private/bin_packing/share/common-lisp/ros/bin_packing/msg/Packing_info.lisp, /home/vini/P6/devel/share/common-lisp/ros/bin_packing/msg/Packing_info.lisp)
Linked: (/home/vini/P6/devel/.private/bin_packing/share/common-lisp/ros/bin_packing/msg/bin_packing-msg.asd, /home/vini/P6/devel/share/common-lisp/ros/bin_packing/msg/bin_packing-msg.asd)
Linked: (/home/vini/P6/devel/.private/bin_packing/share/common-lisp/ros/bin_packing/msg/_package_Workspace.lisp, /home/vini/P6/devel/share/common-lisp/ros/bin_packing/msg/_package_Workspace.lisp)
Linked: (/home/vini/P6/devel/.private/bin_packing/share/common-lisp/ros/bin_packing/msg/Workspace.lisp, /home/vini/P6/devel/share/common-lisp/ros/bin_packing/msg/Workspace.lisp)
Linked: (/home/vini/P6/devel/.private/bin_packing/share/roseus/ros/bin_packing/manifest.l, /home/vini/P6/devel/share/roseus/ros/bin_packing/manifest.l)
Linked: (/home/vini/P6/devel/.private/bin_packing/share/roseus/ros/bin_packing/msg/Workspace.l, /home/vini/P6/devel/share/roseus/ros/bin_packing/msg/Workspace.l)
Linked: (/home/vini/P6/devel/.private/bin_packing/share/roseus/ros/bin_packing/msg/Packing_info.l, /home/vini/P6/devel/share/roseus/ros/bin_packing/msg/Packing_info.l)
Linked: (/home/vini/P6/devel/.private/bin_packing/share/roseus/ros/bin_packing/msg/Height_Map_Row.l, /home/vini/P6/devel/share/roseus/ros/bin_packing/msg/Height_Map_Row.l)
Linked: (/home/vini/P6/devel/.private/bin_packing/share/gennodejs/ros/bin_packing/_index.js, /home/vini/P6/devel/share/gennodejs/ros/bin_packing/_index.js)
Linked: (/home/vini/P6/devel/.private/bin_packing/share/gennodejs/ros/bin_packing/msg/Height_Map_Row.js, /home/vini/P6/devel/share/gennodejs/ros/bin_packing/msg/Height_Map_Row.js)
Linked: (/home/vini/P6/devel/.private/bin_packing/share/gennodejs/ros/bin_packing/msg/Packing_info.js, /home/vini/P6/devel/share/gennodejs/ros/bin_packing/msg/Packing_info.js)
Linked: (/home/vini/P6/devel/.private/bin_packing/share/gennodejs/ros/bin_packing/msg/_index.js, /home/vini/P6/devel/share/gennodejs/ros/bin_packing/msg/_index.js)
Linked: (/home/vini/P6/devel/.private/bin_packing/share/gennodejs/ros/bin_packing/msg/Workspace.js, /home/vini/P6/devel/share/gennodejs/ros/bin_packing/msg/Workspace.js)
Linked: (/home/vini/P6/devel/.private/bin_packing/share/bin_packing/cmake/bin_packingConfig.cmake, /home/vini/P6/devel/share/bin_packing/cmake/bin_packingConfig.cmake)
Linked: (/home/vini/P6/devel/.private/bin_packing/share/bin_packing/cmake/bin_packing-msg-extras.cmake, /home/vini/P6/devel/share/bin_packing/cmake/bin_packing-msg-extras.cmake)
Linked: (/home/vini/P6/devel/.private/bin_packing/share/bin_packing/cmake/bin_packingConfig-version.cmake, /home/vini/P6/devel/share/bin_packing/cmake/bin_packingConfig-version.cmake)
Linked: (/home/vini/P6/devel/.private/bin_packing/share/bin_packing/cmake/bin_packing-msg-paths.cmake, /home/vini/P6/devel/share/bin_packing/cmake/bin_packing-msg-paths.cmake)
