Symlinking /home/vini/P6/devel/lib/python2.7/dist-packages/bin_packing/__init__.py
Symlinking /home/vini/P6/devel/lib/python2.7/dist-packages/bin_packing/msg/__init__.py
Symlinking /home/vini/P6/devel/lib/python2.7/dist-packages/bin_packing/msg/_Workspace.py
Symlinking /home/vini/P6/devel/lib/python2.7/dist-packages/bin_packing/msg/_Height_Map_Row.py
Symlinking /home/vini/P6/devel/lib/python2.7/dist-packages/bin_packing/msg/_Packing_info.py
Symlinking /home/vini/P6/devel/lib/pkgconfig/bin_packing.pc
Symlinking /home/vini/P6/devel/include/bin_packing/Workspace.h
Symlinking /home/vini/P6/devel/include/bin_packing/Packing_info.h
Symlinking /home/vini/P6/devel/include/bin_packing/Height_Map_Row.h
Symlinking /home/vini/P6/devel/share/common-lisp/ros/bin_packing/msg/Height_Map_Row.lisp
Symlinking /home/vini/P6/devel/share/common-lisp/ros/bin_packing/msg/_package.lisp
Symlinking /home/vini/P6/devel/share/common-lisp/ros/bin_packing/msg/_package_Height_Map_Row.lisp
Symlinking /home/vini/P6/devel/share/common-lisp/ros/bin_packing/msg/_package_Packing_info.lisp
Symlinking /home/vini/P6/devel/share/common-lisp/ros/bin_packing/msg/Packing_info.lisp
Symlinking /home/vini/P6/devel/share/common-lisp/ros/bin_packing/msg/bin_packing-msg.asd
Symlinking /home/vini/P6/devel/share/common-lisp/ros/bin_packing/msg/_package_Workspace.lisp
Symlinking /home/vini/P6/devel/share/common-lisp/ros/bin_packing/msg/Workspace.lisp
Symlinking /home/vini/P6/devel/share/roseus/ros/bin_packing/manifest.l
Symlinking /home/vini/P6/devel/share/roseus/ros/bin_packing/msg/Workspace.l
Symlinking /home/vini/P6/devel/share/roseus/ros/bin_packing/msg/Packing_info.l
Symlinking /home/vini/P6/devel/share/roseus/ros/bin_packing/msg/Height_Map_Row.l
Symlinking /home/vini/P6/devel/share/gennodejs/ros/bin_packing/_index.js
Symlinking /home/vini/P6/devel/share/gennodejs/ros/bin_packing/msg/Height_Map_Row.js
Symlinking /home/vini/P6/devel/share/gennodejs/ros/bin_packing/msg/Packing_info.js
Symlinking /home/vini/P6/devel/share/gennodejs/ros/bin_packing/msg/_index.js
Symlinking /home/vini/P6/devel/share/gennodejs/ros/bin_packing/msg/Workspace.js
Symlinking /home/vini/P6/devel/share/bin_packing/cmake/bin_packingConfig.cmake
Symlinking /home/vini/P6/devel/share/bin_packing/cmake/bin_packing-msg-extras.cmake
Symlinking /home/vini/P6/devel/share/bin_packing/cmake/bin_packingConfig-version.cmake
Symlinking /home/vini/P6/devel/share/bin_packing/cmake/bin_packing-msg-paths.cmake
