[35m[1mScanning dependencies of target _bin_packing_generate_messages_check_deps_Workspace[0m
[  0%] Built target _bin_packing_generate_messages_check_deps_Workspace
[35m[1mScanning dependencies of target geometry_msgs_generate_messages_nodejs[0m
[  0%] Built target geometry_msgs_generate_messages_nodejs
[35m[1mScanning dependencies of target std_msgs_generate_messages_nodejs[0m
[  0%] Built target std_msgs_generate_messages_nodejs
[35m[1mScanning dependencies of target _bin_packing_generate_messages_check_deps_Height_Map_Row[0m
[  0%] Built target _bin_packing_generate_messages_check_deps_Height_Map_Row
[35m[1mScanning dependencies of target _bin_packing_generate_messages_check_deps_Packing_info[0m
[  0%] Built target _bin_packing_generate_messages_check_deps_Packing_info
[35m[1mScanning dependencies of target std_msgs_generate_messages_py[0m
[  0%] Built target std_msgs_generate_messages_py
[35m[1mScanning dependencies of target geometry_msgs_generate_messages_py[0m
[  0%] Built target geometry_msgs_generate_messages_py
[35m[1mScanning dependencies of target std_msgs_generate_messages_eus[0m
[  0%] Built target std_msgs_generate_messages_eus
[35m[1mScanning dependencies of target geometry_msgs_generate_messages_eus[0m
[  0%] Built target geometry_msgs_generate_messages_eus
[35m[1mScanning dependencies of target std_msgs_generate_messages_cpp[0m
[  0%] Built target std_msgs_generate_messages_cpp
[35m[1mScanning dependencies of target geometry_msgs_generate_messages_cpp[0m
[  0%] Built target geometry_msgs_generate_messages_cpp
[35m[1mScanning dependencies of target std_msgs_generate_messages_lisp[0m
[  0%] Built target std_msgs_generate_messages_lisp
[35m[1mScanning dependencies of target geometry_msgs_generate_messages_lisp[0m
[  0%] Built target geometry_msgs_generate_messages_lisp
[35m[1mScanning dependencies of target bin_packing_generate_messages_nodejs[0m
[35m[1mScanning dependencies of target bin_packing_generate_messages_py[0m
[  5%] [34m[1mGenerating Javascript code from bin_packing/Packing_info.msg[0m
[ 11%] [34m[1mGenerating Python from MSG bin_packing/Packing_info[0m
[ 17%] [34m[1mGenerating Javascript code from bin_packing/Workspace.msg[0m
[ 23%] [34m[1mGenerating Javascript code from bin_packing/Height_Map_Row.msg[0m
[ 23%] Built target bin_packing_generate_messages_nodejs
[ 29%] [34m[1mGenerating Python from MSG bin_packing/Workspace[0m
[ 35%] [34m[1mGenerating Python from MSG bin_packing/Height_Map_Row[0m
[ 41%] [34m[1mGenerating Python msg __init__.py for bin_packing[0m
[ 41%] Built target bin_packing_generate_messages_py
[35m[1mScanning dependencies of target bin_packing_generate_messages_eus[0m
[ 47%] [34m[1mGenerating EusLisp code from bin_packing/Packing_info.msg[0m
[ 52%] [34m[1mGenerating EusLisp code from bin_packing/Workspace.msg[0m
[ 58%] [34m[1mGenerating EusLisp code from bin_packing/Height_Map_Row.msg[0m
[ 64%] [34m[1mGenerating EusLisp manifest code for bin_packing[0m
[ 64%] Built target bin_packing_generate_messages_eus
[35m[1mScanning dependencies of target bin_packing_generate_messages_cpp[0m
[ 70%] [34m[1mGenerating C++ code from bin_packing/Packing_info.msg[0m
[35m[1mScanning dependencies of target bin_packing_generate_messages_lisp[0m
[ 76%] [34m[1mGenerating Lisp code from bin_packing/Packing_info.msg[0m
[ 82%] [34m[1mGenerating Lisp code from bin_packing/Workspace.msg[0m
[ 88%] [34m[1mGenerating Lisp code from bin_packing/Height_Map_Row.msg[0m
[ 88%] Built target bin_packing_generate_messages_lisp
[ 94%] [34m[1mGenerating C++ code from bin_packing/Workspace.msg[0m
[100%] [34m[1mGenerating C++ code from bin_packing/Height_Map_Row.msg[0m
[100%] Built target bin_packing_generate_messages_cpp
[35m[1mScanning dependencies of target bin_packing_generate_messages[0m
[100%] Built target bin_packing_generate_messages
