-- Using CATKIN_DEVEL_PREFIX: /home/vini/P6/devel/.private/bin_packing
-- Using CMAKE_PREFIX_PATH: /home/vini/P6/devel;/opt/ros/melodic
-- This workspace overlays: /home/vini/P6/devel;/opt/ros/melodic
-- Found PythonInterp: /usr/bin/python2 (found suitable version "2.7.17", minimum required is "2") 
-- Using PYTHON_EXECUTABLE: /usr/bin/python2
-- Using Debian Python package layout
-- Using empy: /usr/bin/empy
-- Using CATKIN_ENABLE_TESTING: ON
-- Call enable_testing()
-- Using CATKIN_TEST_RESULTS_DIR: /home/vini/P6/build/bin_packing/test_results
-- Found gtest sources under '/usr/src/googletest': gtests will be built
-- Found gmock sources under '/usr/src/googletest': gmock will be built
-- Found PythonInterp: /usr/bin/python2 (found version "2.7.17") 
-- Using Python nosetests: /usr/bin/nosetests-2.7
-- catkin 0.7.29
-- BUILD_SHARED_LIBS is on
-- Using these message generators: gencpp;geneus;genlisp;gennodejs;genpy
-- bin_packing: 3 messages, 0 services
-- Configuring done
-- Generating done
-- Build files have been written to: /home/vini/P6/build/bin_packing
[  0%] Built target std_msgs_generate_messages_nodejs
[  0%] Built target std_msgs_generate_messages_eus
[  0%] Built target std_msgs_generate_messages_py
[  0%] Built target std_msgs_generate_messages_lisp
[  0%] Built target geometry_msgs_generate_messages_cpp
[  0%] Built target geometry_msgs_generate_messages_nodejs
[  0%] Built target geometry_msgs_generate_messages_py
[  0%] Built target std_msgs_generate_messages_cpp
[  0%] Built target geometry_msgs_generate_messages_eus
[  0%] Built target geometry_msgs_generate_messages_lisp
[  0%] Built target _bin_packing_generate_messages_check_deps_Height_Map_Row
[  0%] Built target _bin_packing_generate_messages_check_deps_Packing_info
[  0%] Built target _bin_packing_generate_messages_check_deps_Workspace
[  5%] [34m[1mGenerating C++ code from bin_packing/Workspace.msg[0m
[ 11%] [34m[1mGenerating Lisp code from bin_packing/Workspace.msg[0m
[ 17%] [34m[1mGenerating Javascript code from bin_packing/Workspace.msg[0m
[ 23%] [34m[1mGenerating Python from MSG bin_packing/Workspace[0m
[ 29%] [34m[1mGenerating EusLisp code from bin_packing/Workspace.msg[0m
[ 41%] Built target bin_packing_generate_messages_lisp
[ 52%] Built target bin_packing_generate_messages_nodejs
[ 70%] Built target bin_packing_generate_messages_eus
[ 82%] Built target bin_packing_generate_messages_cpp
[ 88%] [34m[1mGenerating Python msg __init__.py for bin_packing[0m
[100%] Built target bin_packing_generate_messages_py
[100%] Built target bin_packing_generate_messages
